<?xml version="1.0" encoding="UTF-8"?>
<coverage generated="1768137633">
  <project timestamp="1768137633">
    <file name="/workspaces/phpcalendar/src/Calendar/Calendar.php">
      <class name="Codryn\PHPCalendar\Calendar\Calendar" namespace="global">
        <metrics complexity="23" methods="17" coveredmethods="13" conditionals="0" coveredconditionals="0" statements="45" coveredstatements="37" elements="62" coveredelements="50"/>
      </class>
      <line num="30" type="method" name="__construct" visibility="private" complexity="1" crap="1" count="32"/>
      <line num="32" type="stmt" count="32"/>
      <line num="33" type="stmt" count="32"/>
      <line num="34" type="stmt" count="32"/>
      <line num="44" type="method" name="fromProfile" visibility="public" complexity="1" crap="1" count="30"/>
      <line num="46" type="stmt" count="30"/>
      <line num="48" type="stmt" count="28"/>
      <line num="58" type="method" name="fromConfiguration" visibility="public" complexity="1" crap="1" count="6"/>
      <line num="60" type="stmt" count="6"/>
      <line num="61" type="stmt" count="6"/>
      <line num="63" type="stmt" count="4"/>
      <line num="65" type="stmt" count="4"/>
      <line num="73" type="method" name="getName" visibility="public" complexity="1" crap="1" count="11"/>
      <line num="75" type="stmt" count="11"/>
      <line num="83" type="method" name="getDisplayName" visibility="public" complexity="1" crap="1" count="10"/>
      <line num="85" type="stmt" count="10"/>
      <line num="95" type="method" name="parse" visibility="public" complexity="1" crap="1" count="10"/>
      <line num="97" type="stmt" count="10"/>
      <line num="108" type="method" name="format" visibility="public" complexity="2" crap="2.86" count="2"/>
      <line num="110" type="stmt" count="2"/>
      <line num="111" type="stmt" count="0"/>
      <line num="112" type="stmt" count="0"/>
      <line num="113" type="stmt" count="0"/>
      <line num="116" type="stmt" count="2"/>
      <line num="124" type="method" name="getMonthNames" visibility="public" complexity="1" crap="1" count="7"/>
      <line num="126" type="stmt" count="7"/>
      <line num="134" type="method" name="getMonthCount" visibility="public" complexity="1" crap="1" count="23"/>
      <line num="136" type="stmt" count="23"/>
      <line num="146" type="method" name="getDaysInMonth" visibility="public" complexity="1" crap="1" count="22"/>
      <line num="148" type="stmt" count="22"/>
      <line num="157" type="method" name="isLeapYear" visibility="public" complexity="1" crap="1" count="13"/>
      <line num="159" type="stmt" count="13"/>
      <line num="170" type="method" name="diff" visibility="public" complexity="3" crap="3.33" count="3"/>
      <line num="172" type="stmt" count="3"/>
      <line num="173" type="stmt" count="0"/>
      <line num="174" type="stmt" count="0"/>
      <line num="175" type="stmt" count="0"/>
      <line num="179" type="stmt" count="3"/>
      <line num="180" type="stmt" count="3"/>
      <line num="182" type="stmt" count="3"/>
      <line num="183" type="stmt" count="3"/>
      <line num="185" type="stmt" count="3"/>
      <line num="194" type="method" name="toSeconds" visibility="private" complexity="4" crap="4" count="3"/>
      <line num="197" type="stmt" count="3"/>
      <line num="200" type="stmt" count="3"/>
      <line num="201" type="stmt" count="3"/>
      <line num="205" type="stmt" count="3"/>
      <line num="206" type="stmt" count="2"/>
      <line num="210" type="stmt" count="3"/>
      <line num="212" type="stmt" count="3"/>
      <line num="213" type="stmt" count="3"/>
      <line num="214" type="stmt" count="3"/>
      <line num="215" type="stmt" count="3"/>
      <line num="217" type="stmt" count="3"/>
      <line num="225" type="method" name="getEpochNotation" visibility="public" complexity="1" crap="1" count="8"/>
      <line num="227" type="stmt" count="8"/>
      <line num="236" type="method" name="getProfile" visibility="public" complexity="1" crap="1" count="1"/>
      <line num="238" type="stmt" count="1"/>
      <line num="254" type="method" name="dateToSeconds" visibility="public" complexity="1" crap="2" count="0"/>
      <line num="263" type="stmt" count="0"/>
      <line num="273" type="method" name="secondsToDate" visibility="public" complexity="1" crap="2" count="0"/>
      <line num="275" type="stmt" count="0"/>
      <metrics loc="278" ncloc="157" classes="1" methods="17" coveredmethods="13" conditionals="0" coveredconditionals="0" statements="45" coveredstatements="37" elements="62" coveredelements="50"/>
    </file>
    <file name="/workspaces/phpcalendar/src/Calendar/CalendarConfiguration.php">
      <class name="Codryn\PHPCalendar\Calendar\CalendarConfiguration" namespace="global">
        <metrics complexity="8" methods="8" coveredmethods="8" conditionals="0" coveredconditionals="0" statements="14" coveredstatements="14" elements="22" coveredelements="22"/>
      </class>
      <line num="42" type="method" name="__construct" visibility="public" complexity="1" crap="1" count="6"/>
      <line num="51" type="stmt" count="6"/>
      <line num="52" type="stmt" count="6"/>
      <line num="53" type="stmt" count="6"/>
      <line num="54" type="stmt" count="6"/>
      <line num="55" type="stmt" count="6"/>
      <line num="56" type="stmt" count="6"/>
      <line num="57" type="stmt" count="6"/>
      <line num="60" type="method" name="getName" visibility="public" complexity="1" crap="1" count="6"/>
      <line num="62" type="stmt" count="6"/>
      <line num="65" type="method" name="getDisplayName" visibility="public" complexity="1" crap="1" count="5"/>
      <line num="67" type="stmt" count="5"/>
      <line num="73" type="method" name="getMonthNames" visibility="public" complexity="1" crap="1" count="5"/>
      <line num="75" type="stmt" count="5"/>
      <line num="81" type="method" name="getDaysPerMonth" visibility="public" complexity="1" crap="1" count="5"/>
      <line num="83" type="stmt" count="5"/>
      <line num="89" type="method" name="getLeapYearRule" visibility="public" complexity="1" crap="1" count="1"/>
      <line num="91" type="stmt" count="1"/>
      <line num="97" type="method" name="getEpochNotation" visibility="public" complexity="1" crap="1" count="4"/>
      <line num="99" type="stmt" count="4"/>
      <line num="105" type="method" name="getFormatPatterns" visibility="public" complexity="1" crap="1" count="4"/>
      <line num="107" type="stmt" count="4"/>
      <metrics loc="110" ncloc="76" classes="1" methods="8" coveredmethods="8" conditionals="0" coveredconditionals="0" statements="14" coveredstatements="14" elements="22" coveredelements="22"/>
    </file>
    <file name="/workspaces/phpcalendar/src/Calendar/CalendarProfileInterface.php">
      <metrics loc="110" ncloc="39" classes="0" methods="0" coveredmethods="0" conditionals="0" coveredconditionals="0" statements="0" coveredstatements="0" elements="0" coveredelements="0"/>
    </file>
    <file name="/workspaces/phpcalendar/src/Calendar/ProfileRegistry.php">
      <class name="Codryn\PHPCalendar\Calendar\ProfileRegistry" namespace="global">
        <metrics complexity="7" methods="5" coveredmethods="3" conditionals="0" coveredconditionals="0" statements="22" coveredstatements="18" elements="27" coveredelements="21"/>
      </class>
      <line num="36" type="method" name="get" visibility="public" complexity="2" crap="2" count="30"/>
      <line num="38" type="stmt" count="30"/>
      <line num="40" type="stmt" count="30"/>
      <line num="41" type="stmt" count="2"/>
      <line num="43" type="stmt" count="2"/>
      <line num="44" type="stmt" count="2"/>
      <line num="45" type="stmt" count="2"/>
      <line num="48" type="stmt" count="28"/>
      <line num="57" type="method" name="register" visibility="public" complexity="1" crap="1" count="1"/>
      <line num="59" type="stmt" count="1"/>
      <line num="67" type="method" name="getAvailableProfiles" visibility="public" complexity="1" crap="2" count="0"/>
      <line num="69" type="stmt" count="0"/>
      <line num="71" type="stmt" count="0"/>
      <line num="77" type="method" name="initialize" visibility="private" complexity="2" crap="2" count="30"/>
      <line num="79" type="stmt" count="30"/>
      <line num="80" type="stmt" count="29"/>
      <line num="83" type="stmt" count="1"/>
      <line num="84" type="stmt" count="1"/>
      <line num="85" type="stmt" count="1"/>
      <line num="86" type="stmt" count="1"/>
      <line num="87" type="stmt" count="1"/>
      <line num="88" type="stmt" count="1"/>
      <line num="89" type="stmt" count="1"/>
      <line num="91" type="stmt" count="1"/>
      <line num="97" type="method" name="reset" visibility="public" complexity="1" crap="2" count="0"/>
      <line num="99" type="stmt" count="0"/>
      <line num="100" type="stmt" count="0"/>
      <metrics loc="103" ncloc="72" classes="1" methods="5" coveredmethods="3" conditionals="0" coveredconditionals="0" statements="22" coveredstatements="18" elements="27" coveredelements="21"/>
    </file>
    <file name="/workspaces/phpcalendar/src/Calendar/TimePoint.php">
      <class name="Codryn\PHPCalendar\Calendar\TimePoint" namespace="global">
        <metrics complexity="35" methods="14" coveredmethods="12" conditionals="0" coveredconditionals="0" statements="78" coveredstatements="64" elements="92" coveredelements="76"/>
      </class>
      <line num="43" type="method" name="__construct" visibility="public" complexity="1" crap="1" count="12"/>
      <line num="53" type="stmt" count="12"/>
      <line num="55" type="stmt" count="12"/>
      <line num="56" type="stmt" count="12"/>
      <line num="57" type="stmt" count="12"/>
      <line num="58" type="stmt" count="12"/>
      <line num="59" type="stmt" count="12"/>
      <line num="60" type="stmt" count="12"/>
      <line num="61" type="stmt" count="12"/>
      <line num="62" type="stmt" count="12"/>
      <line num="65" type="method" name="getCalendar" visibility="public" complexity="1" crap="1" count="6"/>
      <line num="67" type="stmt" count="6"/>
      <line num="70" type="method" name="getYear" visibility="public" complexity="1" crap="1" count="8"/>
      <line num="72" type="stmt" count="8"/>
      <line num="75" type="method" name="getMonth" visibility="public" complexity="1" crap="1" count="9"/>
      <line num="77" type="stmt" count="9"/>
      <line num="80" type="method" name="getDay" visibility="public" complexity="1" crap="1" count="9"/>
      <line num="82" type="stmt" count="9"/>
      <line num="85" type="method" name="getHour" visibility="public" complexity="1" crap="1" count="8"/>
      <line num="87" type="stmt" count="8"/>
      <line num="90" type="method" name="getMinute" visibility="public" complexity="1" crap="1" count="8"/>
      <line num="92" type="stmt" count="8"/>
      <line num="95" type="method" name="getSecond" visibility="public" complexity="1" crap="1" count="8"/>
      <line num="97" type="stmt" count="8"/>
      <line num="100" type="method" name="getMicrosecond" visibility="public" complexity="1" crap="1" count="6"/>
      <line num="102" type="stmt" count="6"/>
      <line num="112" type="method" name="add" visibility="public" complexity="2" crap="2.09" count="2"/>
      <line num="115" type="stmt" count="2"/>
      <line num="116" type="stmt" count="2"/>
      <line num="117" type="stmt" count="2"/>
      <line num="120" type="stmt" count="2"/>
      <line num="121" type="stmt" count="0"/>
      <line num="122" type="stmt" count="0"/>
      <line num="126" type="stmt" count="2"/>
      <line num="136" type="method" name="subtract" visibility="public" complexity="1" crap="1" count="1"/>
      <line num="138" type="stmt" count="1"/>
      <line num="146" type="method" name="toSeconds" visibility="private" complexity="4" crap="4" count="2"/>
      <line num="148" type="stmt" count="2"/>
      <line num="151" type="stmt" count="2"/>
      <line num="152" type="stmt" count="2"/>
      <line num="156" type="stmt" count="2"/>
      <line num="157" type="stmt" count="1"/>
      <line num="161" type="stmt" count="2"/>
      <line num="163" type="stmt" count="2"/>
      <line num="164" type="stmt" count="2"/>
      <line num="165" type="stmt" count="2"/>
      <line num="166" type="stmt" count="2"/>
      <line num="168" type="stmt" count="2"/>
      <line num="180" type="method" name="fromSeconds" visibility="private" complexity="6" crap="6" count="2"/>
      <line num="183" type="stmt" count="2"/>
      <line num="184" type="stmt" count="2"/>
      <line num="186" type="stmt" count="2"/>
      <line num="187" type="stmt" count="2"/>
      <line num="189" type="stmt" count="2"/>
      <line num="190" type="stmt" count="2"/>
      <line num="193" type="stmt" count="2"/>
      <line num="194" type="stmt" count="2"/>
      <line num="195" type="stmt" count="2"/>
      <line num="198" type="stmt" count="2"/>
      <line num="199" type="stmt" count="2"/>
      <line num="201" type="stmt" count="2"/>
      <line num="202" type="stmt" count="2"/>
      <line num="203" type="stmt" count="2"/>
      <line num="205" type="stmt" count="2"/>
      <line num="210" type="stmt" count="2"/>
      <line num="211" type="stmt" count="2"/>
      <line num="213" type="stmt" count="2"/>
      <line num="214" type="stmt" count="1"/>
      <line num="215" type="stmt" count="1"/>
      <line num="217" type="stmt" count="2"/>
      <line num="222" type="stmt" count="2"/>
      <line num="224" type="stmt" count="2"/>
      <line num="232" type="method" name="validate" visibility="private" complexity="13" crap="55.58" count="12"/>
      <line num="243" type="stmt" count="12"/>
      <line num="244" type="stmt" count="0"/>
      <line num="245" type="stmt" count="0"/>
      <line num="246" type="stmt" count="0"/>
      <line num="250" type="stmt" count="12"/>
      <line num="252" type="stmt" count="12"/>
      <line num="253" type="stmt" count="0"/>
      <line num="254" type="stmt" count="0"/>
      <line num="255" type="stmt" count="0"/>
      <line num="259" type="stmt" count="12"/>
      <line num="260" type="stmt" count="0"/>
      <line num="263" type="stmt" count="12"/>
      <line num="264" type="stmt" count="0"/>
      <line num="267" type="stmt" count="12"/>
      <line num="268" type="stmt" count="0"/>
      <line num="271" type="stmt" count="12"/>
      <line num="272" type="stmt" count="0"/>
      <line num="273" type="stmt" count="0"/>
      <line num="274" type="stmt" count="0"/>
      <metrics loc="278" ncloc="215" classes="1" methods="14" coveredmethods="12" conditionals="0" coveredconditionals="0" statements="78" coveredstatements="64" elements="92" coveredelements="76"/>
    </file>
    <file name="/workspaces/phpcalendar/src/Calendar/TimeSpan.php">
      <class name="Codryn\PHPCalendar\Calendar\TimeSpan" namespace="global">
        <metrics complexity="10" methods="10" coveredmethods="7" conditionals="0" coveredconditionals="0" statements="11" coveredstatements="8" elements="21" coveredelements="15"/>
      </class>
      <line num="22" type="method" name="__construct" visibility="private" complexity="1" crap="1" count="5"/>
      <line num="24" type="stmt" count="5"/>
      <line num="25" type="stmt" count="5"/>
      <line num="35" type="method" name="fromSeconds" visibility="public" complexity="1" crap="1" count="5"/>
      <line num="37" type="stmt" count="5"/>
      <line num="45" type="method" name="getTotalSeconds" visibility="public" complexity="1" crap="1" count="2"/>
      <line num="47" type="stmt" count="2"/>
      <line num="55" type="method" name="getMicroseconds" visibility="public" complexity="1" crap="1" count="2"/>
      <line num="57" type="stmt" count="2"/>
      <line num="65" type="method" name="getTotalDays" visibility="public" complexity="1" crap="1" count="3"/>
      <line num="67" type="stmt" count="3"/>
      <line num="75" type="method" name="getTotalHours" visibility="public" complexity="1" crap="2" count="0"/>
      <line num="77" type="stmt" count="0"/>
      <line num="85" type="method" name="getTotalMinutes" visibility="public" complexity="1" crap="2" count="0"/>
      <line num="87" type="stmt" count="0"/>
      <line num="95" type="method" name="isNegative" visibility="public" complexity="1" crap="1" count="1"/>
      <line num="97" type="stmt" count="1"/>
      <line num="105" type="method" name="abs" visibility="public" complexity="1" crap="2" count="0"/>
      <line num="107" type="stmt" count="0"/>
      <line num="115" type="method" name="negate" visibility="public" complexity="1" crap="1" count="1"/>
      <line num="117" type="stmt" count="1"/>
      <metrics loc="120" ncloc="64" classes="1" methods="10" coveredmethods="7" conditionals="0" coveredconditionals="0" statements="11" coveredstatements="8" elements="21" coveredelements="15"/>
    </file>
    <file name="/workspaces/phpcalendar/src/Exception/CalendarException.php">
      <class name="Codryn\PHPCalendar\Exception\CalendarException" namespace="global">
        <metrics complexity="0" methods="0" coveredmethods="0" conditionals="0" coveredconditionals="0" statements="0" coveredstatements="0" elements="0" coveredelements="0"/>
      </class>
      <metrics loc="15" ncloc="12" classes="0" methods="0" coveredmethods="0" conditionals="0" coveredconditionals="0" statements="0" coveredstatements="0" elements="0" coveredelements="0"/>
    </file>
    <file name="/workspaces/phpcalendar/src/Exception/DateArithmeticException.php">
      <class name="Codryn\PHPCalendar\Exception\DateArithmeticException" namespace="global">
        <metrics complexity="0" methods="0" coveredmethods="0" conditionals="0" coveredconditionals="0" statements="0" coveredstatements="0" elements="0" coveredelements="0"/>
      </class>
      <metrics loc="13" ncloc="10" classes="0" methods="0" coveredmethods="0" conditionals="0" coveredconditionals="0" statements="0" coveredstatements="0" elements="0" coveredelements="0"/>
    </file>
    <file name="/workspaces/phpcalendar/src/Exception/IncompatibleCalendarException.php">
      <class name="Codryn\PHPCalendar\Exception\IncompatibleCalendarException" namespace="global">
        <metrics complexity="0" methods="0" coveredmethods="0" conditionals="0" coveredconditionals="0" statements="0" coveredstatements="0" elements="0" coveredelements="0"/>
      </class>
      <metrics loc="13" ncloc="10" classes="0" methods="0" coveredmethods="0" conditionals="0" coveredconditionals="0" statements="0" coveredstatements="0" elements="0" coveredelements="0"/>
    </file>
    <file name="/workspaces/phpcalendar/src/Exception/InvalidCalendarConfigException.php">
      <class name="Codryn\PHPCalendar\Exception\InvalidCalendarConfigException" namespace="global">
        <metrics complexity="0" methods="0" coveredmethods="0" conditionals="0" coveredconditionals="0" statements="0" coveredstatements="0" elements="0" coveredelements="0"/>
      </class>
      <metrics loc="13" ncloc="10" classes="0" methods="0" coveredmethods="0" conditionals="0" coveredconditionals="0" statements="0" coveredstatements="0" elements="0" coveredelements="0"/>
    </file>
    <file name="/workspaces/phpcalendar/src/Exception/InvalidDateException.php">
      <class name="Codryn\PHPCalendar\Exception\InvalidDateException" namespace="global">
        <metrics complexity="0" methods="0" coveredmethods="0" conditionals="0" coveredconditionals="0" statements="0" coveredstatements="0" elements="0" coveredelements="0"/>
      </class>
      <metrics loc="13" ncloc="10" classes="0" methods="0" coveredmethods="0" conditionals="0" coveredconditionals="0" statements="0" coveredstatements="0" elements="0" coveredelements="0"/>
    </file>
    <file name="/workspaces/phpcalendar/src/Parser/DateFormatter.php">
      <class name="Codryn\PHPCalendar\Parser\DateFormatter" namespace="global">
        <metrics complexity="2" methods="1" coveredmethods="1" conditionals="0" coveredconditionals="0" statements="17" coveredstatements="17" elements="18" coveredelements="18"/>
      </class>
      <line num="23" type="method" name="format" visibility="public" complexity="2" crap="2" count="2"/>
      <line num="25" type="stmt" count="2"/>
      <line num="26" type="stmt" count="1"/>
      <line num="30" type="stmt" count="2"/>
      <line num="31" type="stmt" count="2"/>
      <line num="35" type="stmt" count="2"/>
      <line num="36" type="stmt" count="2"/>
      <line num="37" type="stmt" count="2"/>
      <line num="38" type="stmt" count="2"/>
      <line num="39" type="stmt" count="2"/>
      <line num="40" type="stmt" count="2"/>
      <line num="41" type="stmt" count="2"/>
      <line num="42" type="stmt" count="2"/>
      <line num="43" type="stmt" count="2"/>
      <line num="44" type="stmt" count="2"/>
      <line num="45" type="stmt" count="2"/>
      <line num="46" type="stmt" count="2"/>
      <line num="49" type="stmt" count="2"/>
      <metrics loc="52" ncloc="36" classes="1" methods="1" coveredmethods="1" conditionals="0" coveredconditionals="0" statements="17" coveredstatements="17" elements="18" coveredelements="18"/>
    </file>
    <file name="/workspaces/phpcalendar/src/Parser/DateParser.php">
      <class name="Codryn\PHPCalendar\Parser\DateParser" namespace="global">
        <metrics complexity="2" methods="1" coveredmethods="1" conditionals="0" coveredconditionals="0" statements="13" coveredstatements="13" elements="14" coveredelements="14"/>
      </class>
      <line num="25" type="method" name="parse" visibility="public" complexity="2" crap="2" count="10"/>
      <line num="29" type="stmt" count="10"/>
      <line num="31" type="stmt" count="9"/>
      <line num="32" type="stmt" count="9"/>
      <line num="33" type="stmt" count="9"/>
      <line num="34" type="stmt" count="9"/>
      <line num="35" type="stmt" count="9"/>
      <line num="36" type="stmt" count="9"/>
      <line num="37" type="stmt" count="9"/>
      <line num="38" type="stmt" count="9"/>
      <line num="39" type="stmt" count="9"/>
      <line num="40" type="stmt" count="9"/>
      <line num="41" type="stmt" count="1"/>
      <line num="42" type="stmt" count="1"/>
      <metrics loc="46" ncloc="34" classes="1" methods="1" coveredmethods="1" conditionals="0" coveredconditionals="0" statements="13" coveredstatements="13" elements="14" coveredelements="14"/>
    </file>
    <file name="/workspaces/phpcalendar/src/Profile/AbstractCalendarProfile.php">
      <class name="Codryn\PHPCalendar\Profile\AbstractCalendarProfile" namespace="global">
        <metrics complexity="12" methods="4" coveredmethods="1" conditionals="0" coveredconditionals="0" statements="47" coveredstatements="1" elements="51" coveredelements="2"/>
      </class>
      <line num="19" type="method" name="getMonthCount" visibility="public" complexity="1" crap="1" count="25"/>
      <line num="21" type="stmt" count="25"/>
      <line num="27" type="method" name="getMetadata" visibility="public" complexity="1" crap="2" count="0"/>
      <line num="29" type="stmt" count="0"/>
      <line num="30" type="stmt" count="0"/>
      <line num="31" type="stmt" count="0"/>
      <line num="32" type="stmt" count="0"/>
      <line num="33" type="stmt" count="0"/>
      <line num="39" type="method" name="dateToSeconds" visibility="public" complexity="4" crap="20" count="0"/>
      <line num="49" type="stmt" count="0"/>
      <line num="52" type="stmt" count="0"/>
      <line num="53" type="stmt" count="0"/>
      <line num="57" type="stmt" count="0"/>
      <line num="58" type="stmt" count="0"/>
      <line num="62" type="stmt" count="0"/>
      <line num="65" type="stmt" count="0"/>
      <line num="66" type="stmt" count="0"/>
      <line num="67" type="stmt" count="0"/>
      <line num="68" type="stmt" count="0"/>
      <line num="71" type="stmt" count="0"/>
      <line num="77" type="method" name="secondsToDate" visibility="public" complexity="6" crap="42" count="0"/>
      <line num="80" type="stmt" count="0"/>
      <line num="81" type="stmt" count="0"/>
      <line num="84" type="stmt" count="0"/>
      <line num="85" type="stmt" count="0"/>
      <line num="86" type="stmt" count="0"/>
      <line num="89" type="stmt" count="0"/>
      <line num="92" type="stmt" count="0"/>
      <line num="93" type="stmt" count="0"/>
      <line num="94" type="stmt" count="0"/>
      <line num="95" type="stmt" count="0"/>
      <line num="96" type="stmt" count="0"/>
      <line num="98" type="stmt" count="0"/>
      <line num="99" type="stmt" count="0"/>
      <line num="103" type="stmt" count="0"/>
      <line num="104" type="stmt" count="0"/>
      <line num="105" type="stmt" count="0"/>
      <line num="106" type="stmt" count="0"/>
      <line num="107" type="stmt" count="0"/>
      <line num="109" type="stmt" count="0"/>
      <line num="110" type="stmt" count="0"/>
      <line num="114" type="stmt" count="0"/>
      <line num="116" type="stmt" count="0"/>
      <line num="117" type="stmt" count="0"/>
      <line num="118" type="stmt" count="0"/>
      <line num="119" type="stmt" count="0"/>
      <line num="120" type="stmt" count="0"/>
      <line num="121" type="stmt" count="0"/>
      <line num="122" type="stmt" count="0"/>
      <line num="123" type="stmt" count="0"/>
      <line num="124" type="stmt" count="0"/>
      <metrics loc="127" ncloc="98" classes="1" methods="4" coveredmethods="1" conditionals="0" coveredconditionals="0" statements="47" coveredstatements="1" elements="51" coveredelements="2"/>
    </file>
    <file name="/workspaces/phpcalendar/src/Profile/CustomProfile.php">
      <class name="Codryn\PHPCalendar\Profile\CustomProfile" namespace="global">
        <metrics complexity="10" methods="9" coveredmethods="5" conditionals="0" coveredconditionals="0" statements="17" coveredstatements="9" elements="26" coveredelements="14"/>
      </class>
      <line num="16" type="method" name="__construct" visibility="public" complexity="1" crap="1" count="4"/>
      <line num="18" type="stmt" count="4"/>
      <line num="21" type="method" name="getName" visibility="public" complexity="1" crap="1" count="1"/>
      <line num="23" type="stmt" count="1"/>
      <line num="26" type="method" name="getDisplayName" visibility="public" complexity="1" crap="1" count="1"/>
      <line num="28" type="stmt" count="1"/>
      <line num="31" type="method" name="getMonthNames" visibility="public" complexity="1" crap="1" count="2"/>
      <line num="33" type="stmt" count="2"/>
      <line num="36" type="method" name="getDaysInMonth" visibility="public" complexity="1" crap="1" count="2"/>
      <line num="38" type="stmt" count="2"/>
      <line num="40" type="stmt" count="2"/>
      <line num="43" type="method" name="isLeapYear" visibility="public" complexity="2" crap="2.06" count="1"/>
      <line num="45" type="stmt" count="1"/>
      <line num="47" type="stmt" count="1"/>
      <line num="48" type="stmt" count="0"/>
      <line num="51" type="stmt" count="1"/>
      <line num="54" type="method" name="getEpochNotation" visibility="public" complexity="1" crap="2" count="0"/>
      <line num="56" type="stmt" count="0"/>
      <line num="59" type="method" name="getFormatPatterns" visibility="public" complexity="1" crap="2" count="0"/>
      <line num="61" type="stmt" count="0"/>
      <line num="64" type="method" name="getMetadata" visibility="public" complexity="1" crap="2" count="0"/>
      <line num="66" type="stmt" count="0"/>
      <line num="67" type="stmt" count="0"/>
      <line num="68" type="stmt" count="0"/>
      <line num="69" type="stmt" count="0"/>
      <line num="70" type="stmt" count="0"/>
      <metrics loc="73" ncloc="70" classes="1" methods="9" coveredmethods="5" conditionals="0" coveredconditionals="0" statements="17" coveredstatements="9" elements="26" coveredelements="14"/>
    </file>
    <file name="/workspaces/phpcalendar/src/Profile/DSAProfile.php">
      <class name="Codryn\PHPCalendar\Profile\DSAProfile" namespace="global">
        <metrics complexity="8" methods="8" coveredmethods="6" conditionals="0" coveredconditionals="0" statements="32" coveredstatements="22" elements="40" coveredelements="28"/>
      </class>
      <line num="14" type="method" name="getName" visibility="public" complexity="1" crap="1" count="1"/>
      <line num="16" type="stmt" count="1"/>
      <line num="19" type="method" name="getDisplayName" visibility="public" complexity="1" crap="1" count="1"/>
      <line num="21" type="stmt" count="1"/>
      <line num="24" type="method" name="getMonthNames" visibility="public" complexity="1" crap="1" count="1"/>
      <line num="26" type="stmt" count="1"/>
      <line num="27" type="stmt" count="1"/>
      <line num="28" type="stmt" count="1"/>
      <line num="29" type="stmt" count="1"/>
      <line num="30" type="stmt" count="1"/>
      <line num="31" type="stmt" count="1"/>
      <line num="32" type="stmt" count="1"/>
      <line num="33" type="stmt" count="1"/>
      <line num="34" type="stmt" count="1"/>
      <line num="35" type="stmt" count="1"/>
      <line num="36" type="stmt" count="1"/>
      <line num="37" type="stmt" count="1"/>
      <line num="38" type="stmt" count="1"/>
      <line num="39" type="stmt" count="1"/>
      <line num="42" type="method" name="getDaysInMonth" visibility="public" complexity="1" crap="1" count="1"/>
      <line num="45" type="stmt" count="1"/>
      <line num="48" type="method" name="isLeapYear" visibility="public" complexity="1" crap="1" count="1"/>
      <line num="51" type="stmt" count="1"/>
      <line num="54" type="method" name="getEpochNotation" visibility="public" complexity="1" crap="1" count="1"/>
      <line num="56" type="stmt" count="1"/>
      <line num="57" type="stmt" count="1"/>
      <line num="58" type="stmt" count="1"/>
      <line num="59" type="stmt" count="1"/>
      <line num="62" type="method" name="getFormatPatterns" visibility="public" complexity="1" crap="2" count="0"/>
      <line num="64" type="stmt" count="0"/>
      <line num="65" type="stmt" count="0"/>
      <line num="66" type="stmt" count="0"/>
      <line num="67" type="stmt" count="0"/>
      <line num="68" type="stmt" count="0"/>
      <line num="71" type="method" name="getMetadata" visibility="public" complexity="1" crap="2" count="0"/>
      <line num="73" type="stmt" count="0"/>
      <line num="74" type="stmt" count="0"/>
      <line num="75" type="stmt" count="0"/>
      <line num="76" type="stmt" count="0"/>
      <line num="77" type="stmt" count="0"/>
      <metrics loc="80" ncloc="73" classes="1" methods="8" coveredmethods="6" conditionals="0" coveredconditionals="0" statements="32" coveredstatements="22" elements="40" coveredelements="28"/>
    </file>
    <file name="/workspaces/phpcalendar/src/Profile/DragonlanceProfile.php">
      <class name="Codryn\PHPCalendar\Profile\DragonlanceProfile" namespace="global">
        <metrics complexity="10" methods="8" coveredmethods="5" conditionals="0" coveredconditionals="0" statements="36" coveredstatements="21" elements="44" coveredelements="26"/>
      </class>
      <line num="29" type="method" name="getName" visibility="public" complexity="1" crap="1" count="1"/>
      <line num="31" type="stmt" count="1"/>
      <line num="34" type="method" name="getDisplayName" visibility="public" complexity="1" crap="1" count="1"/>
      <line num="36" type="stmt" count="1"/>
      <line num="39" type="method" name="getMonthNames" visibility="public" complexity="1" crap="1" count="1"/>
      <line num="41" type="stmt" count="1"/>
      <line num="42" type="stmt" count="1"/>
      <line num="43" type="stmt" count="1"/>
      <line num="44" type="stmt" count="1"/>
      <line num="45" type="stmt" count="1"/>
      <line num="46" type="stmt" count="1"/>
      <line num="47" type="stmt" count="1"/>
      <line num="48" type="stmt" count="1"/>
      <line num="49" type="stmt" count="1"/>
      <line num="50" type="stmt" count="1"/>
      <line num="51" type="stmt" count="1"/>
      <line num="52" type="stmt" count="1"/>
      <line num="53" type="stmt" count="1"/>
      <line num="54" type="stmt" count="1"/>
      <line num="57" type="method" name="getDaysInMonth" visibility="public" complexity="1" crap="1" count="1"/>
      <line num="59" type="stmt" count="1"/>
      <line num="62" type="method" name="isLeapYear" visibility="public" complexity="3" crap="12" count="0"/>
      <line num="65" type="stmt" count="0"/>
      <line num="66" type="stmt" count="0"/>
      <line num="68" type="stmt" count="0"/>
      <line num="69" type="stmt" count="0"/>
      <line num="72" type="stmt" count="0"/>
      <line num="75" type="method" name="getEpochNotation" visibility="public" complexity="1" crap="1" count="1"/>
      <line num="77" type="stmt" count="1"/>
      <line num="78" type="stmt" count="1"/>
      <line num="79" type="stmt" count="1"/>
      <line num="80" type="stmt" count="1"/>
      <line num="83" type="method" name="getFormatPatterns" visibility="public" complexity="1" crap="2" count="0"/>
      <line num="85" type="stmt" count="0"/>
      <line num="86" type="stmt" count="0"/>
      <line num="87" type="stmt" count="0"/>
      <line num="88" type="stmt" count="0"/>
      <line num="89" type="stmt" count="0"/>
      <line num="92" type="method" name="getMetadata" visibility="public" complexity="1" crap="2" count="0"/>
      <line num="94" type="stmt" count="0"/>
      <line num="95" type="stmt" count="0"/>
      <line num="96" type="stmt" count="0"/>
      <line num="97" type="stmt" count="0"/>
      <line num="98" type="stmt" count="0"/>
      <metrics loc="101" ncloc="84" classes="1" methods="8" coveredmethods="5" conditionals="0" coveredconditionals="0" statements="36" coveredstatements="21" elements="44" coveredelements="26"/>
    </file>
    <file name="/workspaces/phpcalendar/src/Profile/EberronProfile.php">
      <class name="Codryn\PHPCalendar\Profile\EberronProfile" namespace="global">
        <metrics complexity="8" methods="8" coveredmethods="6" conditionals="0" coveredconditionals="0" statements="32" coveredstatements="22" elements="40" coveredelements="28"/>
      </class>
      <line num="14" type="method" name="getName" visibility="public" complexity="1" crap="1" count="1"/>
      <line num="16" type="stmt" count="1"/>
      <line num="19" type="method" name="getDisplayName" visibility="public" complexity="1" crap="1" count="1"/>
      <line num="21" type="stmt" count="1"/>
      <line num="24" type="method" name="getMonthNames" visibility="public" complexity="1" crap="1" count="1"/>
      <line num="26" type="stmt" count="1"/>
      <line num="27" type="stmt" count="1"/>
      <line num="28" type="stmt" count="1"/>
      <line num="29" type="stmt" count="1"/>
      <line num="30" type="stmt" count="1"/>
      <line num="31" type="stmt" count="1"/>
      <line num="32" type="stmt" count="1"/>
      <line num="33" type="stmt" count="1"/>
      <line num="34" type="stmt" count="1"/>
      <line num="35" type="stmt" count="1"/>
      <line num="36" type="stmt" count="1"/>
      <line num="37" type="stmt" count="1"/>
      <line num="38" type="stmt" count="1"/>
      <line num="39" type="stmt" count="1"/>
      <line num="42" type="method" name="getDaysInMonth" visibility="public" complexity="1" crap="1" count="1"/>
      <line num="45" type="stmt" count="1"/>
      <line num="48" type="method" name="isLeapYear" visibility="public" complexity="1" crap="1" count="1"/>
      <line num="51" type="stmt" count="1"/>
      <line num="54" type="method" name="getEpochNotation" visibility="public" complexity="1" crap="1" count="1"/>
      <line num="56" type="stmt" count="1"/>
      <line num="57" type="stmt" count="1"/>
      <line num="58" type="stmt" count="1"/>
      <line num="59" type="stmt" count="1"/>
      <line num="62" type="method" name="getFormatPatterns" visibility="public" complexity="1" crap="2" count="0"/>
      <line num="64" type="stmt" count="0"/>
      <line num="65" type="stmt" count="0"/>
      <line num="66" type="stmt" count="0"/>
      <line num="67" type="stmt" count="0"/>
      <line num="68" type="stmt" count="0"/>
      <line num="71" type="method" name="getMetadata" visibility="public" complexity="1" crap="2" count="0"/>
      <line num="73" type="stmt" count="0"/>
      <line num="74" type="stmt" count="0"/>
      <line num="75" type="stmt" count="0"/>
      <line num="76" type="stmt" count="0"/>
      <line num="77" type="stmt" count="0"/>
      <metrics loc="80" ncloc="73" classes="1" methods="8" coveredmethods="6" conditionals="0" coveredconditionals="0" statements="32" coveredstatements="22" elements="40" coveredelements="28"/>
    </file>
    <file name="/workspaces/phpcalendar/src/Profile/FaerunProfile.php">
      <class name="Codryn\PHPCalendar\Profile\FaerunProfile" namespace="global">
        <metrics complexity="8" methods="8" coveredmethods="8" conditionals="0" coveredconditionals="0" statements="30" coveredstatements="30" elements="38" coveredelements="38"/>
      </class>
      <line num="19" type="method" name="getName" visibility="public" complexity="1" crap="1" count="4"/>
      <line num="21" type="stmt" count="4"/>
      <line num="27" type="method" name="getDisplayName" visibility="public" complexity="1" crap="1" count="3"/>
      <line num="29" type="stmt" count="3"/>
      <line num="35" type="method" name="getMonthNames" visibility="public" complexity="1" crap="1" count="5"/>
      <line num="37" type="stmt" count="5"/>
      <line num="38" type="stmt" count="5"/>
      <line num="39" type="stmt" count="5"/>
      <line num="40" type="stmt" count="5"/>
      <line num="41" type="stmt" count="5"/>
      <line num="42" type="stmt" count="5"/>
      <line num="43" type="stmt" count="5"/>
      <line num="44" type="stmt" count="5"/>
      <line num="45" type="stmt" count="5"/>
      <line num="46" type="stmt" count="5"/>
      <line num="47" type="stmt" count="5"/>
      <line num="48" type="stmt" count="5"/>
      <line num="49" type="stmt" count="5"/>
      <line num="50" type="stmt" count="5"/>
      <line num="56" type="method" name="getDaysInMonth" visibility="public" complexity="1" crap="1" count="2"/>
      <line num="59" type="stmt" count="2"/>
      <line num="65" type="method" name="isLeapYear" visibility="public" complexity="1" crap="1" count="2"/>
      <line num="68" type="stmt" count="2"/>
      <line num="74" type="method" name="getEpochNotation" visibility="public" complexity="1" crap="1" count="2"/>
      <line num="76" type="stmt" count="2"/>
      <line num="77" type="stmt" count="2"/>
      <line num="78" type="stmt" count="2"/>
      <line num="79" type="stmt" count="2"/>
      <line num="85" type="method" name="getFormatPatterns" visibility="public" complexity="1" crap="1" count="1"/>
      <line num="87" type="stmt" count="1"/>
      <line num="88" type="stmt" count="1"/>
      <line num="89" type="stmt" count="1"/>
      <line num="95" type="method" name="getMetadata" visibility="public" complexity="1" crap="1" count="1"/>
      <line num="97" type="stmt" count="1"/>
      <line num="98" type="stmt" count="1"/>
      <line num="99" type="stmt" count="1"/>
      <line num="100" type="stmt" count="1"/>
      <line num="101" type="stmt" count="1"/>
      <metrics loc="104" ncloc="71" classes="1" methods="8" coveredmethods="8" conditionals="0" coveredconditionals="0" statements="30" coveredstatements="30" elements="38" coveredelements="38"/>
    </file>
    <file name="/workspaces/phpcalendar/src/Profile/GolarionProfile.php">
      <class name="Codryn\PHPCalendar\Profile\GolarionProfile" namespace="global">
        <metrics complexity="8" methods="8" coveredmethods="7" conditionals="0" coveredconditionals="0" statements="32" coveredstatements="27" elements="40" coveredelements="34"/>
      </class>
      <line num="29" type="method" name="getName" visibility="public" complexity="1" crap="1" count="1"/>
      <line num="31" type="stmt" count="1"/>
      <line num="34" type="method" name="getDisplayName" visibility="public" complexity="1" crap="1" count="1"/>
      <line num="36" type="stmt" count="1"/>
      <line num="39" type="method" name="getMonthNames" visibility="public" complexity="1" crap="1" count="1"/>
      <line num="41" type="stmt" count="1"/>
      <line num="42" type="stmt" count="1"/>
      <line num="43" type="stmt" count="1"/>
      <line num="44" type="stmt" count="1"/>
      <line num="45" type="stmt" count="1"/>
      <line num="46" type="stmt" count="1"/>
      <line num="47" type="stmt" count="1"/>
      <line num="48" type="stmt" count="1"/>
      <line num="49" type="stmt" count="1"/>
      <line num="50" type="stmt" count="1"/>
      <line num="51" type="stmt" count="1"/>
      <line num="52" type="stmt" count="1"/>
      <line num="53" type="stmt" count="1"/>
      <line num="54" type="stmt" count="1"/>
      <line num="57" type="method" name="getDaysInMonth" visibility="public" complexity="1" crap="1" count="1"/>
      <line num="59" type="stmt" count="1"/>
      <line num="62" type="method" name="isLeapYear" visibility="public" complexity="1" crap="1" count="1"/>
      <line num="65" type="stmt" count="1"/>
      <line num="68" type="method" name="getEpochNotation" visibility="public" complexity="1" crap="1" count="1"/>
      <line num="70" type="stmt" count="1"/>
      <line num="71" type="stmt" count="1"/>
      <line num="72" type="stmt" count="1"/>
      <line num="73" type="stmt" count="1"/>
      <line num="76" type="method" name="getFormatPatterns" visibility="public" complexity="1" crap="2" count="0"/>
      <line num="78" type="stmt" count="0"/>
      <line num="79" type="stmt" count="0"/>
      <line num="80" type="stmt" count="0"/>
      <line num="81" type="stmt" count="0"/>
      <line num="82" type="stmt" count="0"/>
      <line num="85" type="method" name="getMetadata" visibility="public" complexity="1" crap="1" count="1"/>
      <line num="87" type="stmt" count="1"/>
      <line num="88" type="stmt" count="1"/>
      <line num="89" type="stmt" count="1"/>
      <line num="90" type="stmt" count="1"/>
      <line num="91" type="stmt" count="1"/>
      <metrics loc="94" ncloc="77" classes="1" methods="8" coveredmethods="7" conditionals="0" coveredconditionals="0" statements="32" coveredstatements="27" elements="40" coveredelements="34"/>
    </file>
    <file name="/workspaces/phpcalendar/src/Profile/GregorianProfile.php">
      <class name="Codryn\PHPCalendar\Profile\GregorianProfile" namespace="global">
        <metrics complexity="12" methods="8" coveredmethods="8" conditionals="0" coveredconditionals="0" statements="45" coveredstatements="45" elements="53" coveredelements="53"/>
      </class>
      <line num="17" type="method" name="getName" visibility="public" complexity="1" crap="1" count="4"/>
      <line num="19" type="stmt" count="4"/>
      <line num="25" type="method" name="getDisplayName" visibility="public" complexity="1" crap="1" count="3"/>
      <line num="27" type="stmt" count="3"/>
      <line num="33" type="method" name="getMonthNames" visibility="public" complexity="1" crap="1" count="18"/>
      <line num="35" type="stmt" count="18"/>
      <line num="36" type="stmt" count="18"/>
      <line num="37" type="stmt" count="18"/>
      <line num="38" type="stmt" count="18"/>
      <line num="39" type="stmt" count="18"/>
      <line num="40" type="stmt" count="18"/>
      <line num="41" type="stmt" count="18"/>
      <line num="42" type="stmt" count="18"/>
      <line num="43" type="stmt" count="18"/>
      <line num="44" type="stmt" count="18"/>
      <line num="45" type="stmt" count="18"/>
      <line num="46" type="stmt" count="18"/>
      <line num="47" type="stmt" count="18"/>
      <line num="48" type="stmt" count="18"/>
      <line num="54" type="method" name="getDaysInMonth" visibility="public" complexity="3" crap="3" count="17"/>
      <line num="56" type="stmt" count="17"/>
      <line num="57" type="stmt" count="17"/>
      <line num="58" type="stmt" count="17"/>
      <line num="59" type="stmt" count="17"/>
      <line num="60" type="stmt" count="17"/>
      <line num="62" type="stmt" count="17"/>
      <line num="65" type="stmt" count="17"/>
      <line num="66" type="stmt" count="7"/>
      <line num="69" type="stmt" count="17"/>
      <line num="75" type="method" name="isLeapYear" visibility="public" complexity="3" crap="3" count="15"/>
      <line num="79" type="stmt" count="15"/>
      <line num="80" type="stmt" count="9"/>
      <line num="83" type="stmt" count="14"/>
      <line num="84" type="stmt" count="8"/>
      <line num="87" type="stmt" count="13"/>
      <line num="93" type="method" name="getEpochNotation" visibility="public" complexity="1" crap="1" count="3"/>
      <line num="95" type="stmt" count="3"/>
      <line num="96" type="stmt" count="3"/>
      <line num="97" type="stmt" count="3"/>
      <line num="98" type="stmt" count="3"/>
      <line num="104" type="method" name="getFormatPatterns" visibility="public" complexity="1" crap="1" count="1"/>
      <line num="106" type="stmt" count="1"/>
      <line num="107" type="stmt" count="1"/>
      <line num="108" type="stmt" count="1"/>
      <line num="109" type="stmt" count="1"/>
      <line num="110" type="stmt" count="1"/>
      <line num="111" type="stmt" count="1"/>
      <line num="117" type="method" name="getMetadata" visibility="public" complexity="1" crap="1" count="1"/>
      <line num="119" type="stmt" count="1"/>
      <line num="120" type="stmt" count="1"/>
      <line num="121" type="stmt" count="1"/>
      <line num="122" type="stmt" count="1"/>
      <line num="123" type="stmt" count="1"/>
      <metrics loc="126" ncloc="91" classes="1" methods="8" coveredmethods="8" conditionals="0" coveredconditionals="0" statements="45" coveredstatements="45" elements="53" coveredelements="53"/>
    </file>
    <file name="/workspaces/phpcalendar/src/Profile/GreyhawkProfile.php">
      <class name="Codryn\PHPCalendar\Profile\GreyhawkProfile" namespace="global">
        <metrics complexity="9" methods="8" coveredmethods="4" conditionals="0" coveredconditionals="0" statements="38" coveredstatements="24" elements="46" coveredelements="28"/>
      </class>
      <line num="14" type="method" name="getName" visibility="public" complexity="1" crap="1" count="1"/>
      <line num="16" type="stmt" count="1"/>
      <line num="19" type="method" name="getDisplayName" visibility="public" complexity="1" crap="1" count="1"/>
      <line num="21" type="stmt" count="1"/>
      <line num="24" type="method" name="getMonthNames" visibility="public" complexity="1" crap="1" count="1"/>
      <line num="26" type="stmt" count="1"/>
      <line num="27" type="stmt" count="1"/>
      <line num="28" type="stmt" count="1"/>
      <line num="29" type="stmt" count="1"/>
      <line num="30" type="stmt" count="1"/>
      <line num="31" type="stmt" count="1"/>
      <line num="32" type="stmt" count="1"/>
      <line num="33" type="stmt" count="1"/>
      <line num="34" type="stmt" count="1"/>
      <line num="35" type="stmt" count="1"/>
      <line num="36" type="stmt" count="1"/>
      <line num="37" type="stmt" count="1"/>
      <line num="38" type="stmt" count="1"/>
      <line num="39" type="stmt" count="1"/>
      <line num="40" type="stmt" count="1"/>
      <line num="41" type="stmt" count="1"/>
      <line num="42" type="stmt" count="1"/>
      <line num="43" type="stmt" count="1"/>
      <line num="46" type="method" name="getDaysInMonth" visibility="public" complexity="2" crap="6" count="0"/>
      <line num="50" type="stmt" count="0"/>
      <line num="51" type="stmt" count="0"/>
      <line num="54" type="stmt" count="0"/>
      <line num="57" type="method" name="isLeapYear" visibility="public" complexity="1" crap="2" count="0"/>
      <line num="60" type="stmt" count="0"/>
      <line num="63" type="method" name="getEpochNotation" visibility="public" complexity="1" crap="1" count="1"/>
      <line num="65" type="stmt" count="1"/>
      <line num="66" type="stmt" count="1"/>
      <line num="67" type="stmt" count="1"/>
      <line num="68" type="stmt" count="1"/>
      <line num="71" type="method" name="getFormatPatterns" visibility="public" complexity="1" crap="2" count="0"/>
      <line num="73" type="stmt" count="0"/>
      <line num="74" type="stmt" count="0"/>
      <line num="75" type="stmt" count="0"/>
      <line num="76" type="stmt" count="0"/>
      <line num="77" type="stmt" count="0"/>
      <line num="80" type="method" name="getMetadata" visibility="public" complexity="1" crap="2" count="0"/>
      <line num="82" type="stmt" count="0"/>
      <line num="83" type="stmt" count="0"/>
      <line num="84" type="stmt" count="0"/>
      <line num="85" type="stmt" count="0"/>
      <line num="86" type="stmt" count="0"/>
      <metrics loc="89" ncloc="79" classes="1" methods="8" coveredmethods="4" conditionals="0" coveredconditionals="0" statements="38" coveredstatements="24" elements="46" coveredelements="28"/>
    </file>
    <file name="/workspaces/phpcalendar/src/Validator/CalendarValidator.php">
      <class name="Codryn\PHPCalendar\Validator\CalendarValidator" namespace="global">
        <metrics complexity="19" methods="7" coveredmethods="1" conditionals="0" coveredconditionals="0" statements="30" coveredstatements="21" elements="37" coveredelements="22"/>
      </class>
      <line num="23" type="method" name="validate" visibility="public" complexity="1" crap="1" count="6"/>
      <line num="25" type="stmt" count="6"/>
      <line num="26" type="stmt" count="5"/>
      <line num="27" type="stmt" count="5"/>
      <line num="28" type="stmt" count="5"/>
      <line num="29" type="stmt" count="4"/>
      <line num="30" type="stmt" count="4"/>
      <line num="37" type="method" name="validateName" visibility="private" complexity="3" crap="4.12" count="6"/>
      <line num="39" type="stmt" count="6"/>
      <line num="40" type="stmt" count="1"/>
      <line num="43" type="stmt" count="5"/>
      <line num="44" type="stmt" count="0"/>
      <line num="45" type="stmt" count="0"/>
      <line num="46" type="stmt" count="0"/>
      <line num="54" type="method" name="validateDisplayName" visibility="private" complexity="2" crap="2.50" count="5"/>
      <line num="56" type="stmt" count="5"/>
      <line num="57" type="stmt" count="0"/>
      <line num="65" type="method" name="validateMonthNames" visibility="private" complexity="4" crap="5.02" count="5"/>
      <line num="67" type="stmt" count="5"/>
      <line num="68" type="stmt" count="0"/>
      <line num="71" type="stmt" count="5"/>
      <line num="72" type="stmt" count="5"/>
      <line num="73" type="stmt" count="0"/>
      <line num="83" type="method" name="validateDaysPerMonth" visibility="private" complexity="4" crap="4.05" count="5"/>
      <line num="85" type="stmt" count="5"/>
      <line num="86" type="stmt" count="1"/>
      <line num="87" type="stmt" count="1"/>
      <line num="88" type="stmt" count="1"/>
      <line num="91" type="stmt" count="4"/>
      <line num="92" type="stmt" count="4"/>
      <line num="93" type="stmt" count="0"/>
      <line num="102" type="method" name="validateEpochNotation" visibility="private" complexity="3" crap="4.12" count="4"/>
      <line num="104" type="stmt" count="4"/>
      <line num="105" type="stmt" count="0"/>
      <line num="113" type="method" name="validateFormatPatterns" visibility="private" complexity="2" crap="2.50" count="4"/>
      <line num="115" type="stmt" count="4"/>
      <line num="116" type="stmt" count="0"/>
      <metrics loc="120" ncloc="84" classes="1" methods="7" coveredmethods="1" conditionals="0" coveredconditionals="0" statements="30" coveredstatements="21" elements="37" coveredelements="22"/>
    </file>
    <metrics files="23" loc="2158" ncloc="1545" classes="17" methods="132" coveredmethods="96" conditionals="0" coveredconditionals="0" statements="539" coveredstatements="393" elements="671" coveredelements="489"/>
  </project>
</coverage>
